Using pre-set license
Built from '2020.3/staging' branch; Version is '2020.3.9f1 (108be757e447) revision 1084391'; Using compiler version '192528614'; Build Type 'Release'
OS: 'Windows 10 Home; OS build 19043.985; Version 2009; 64bit' Language: 'en' Physical Memory: 32523 MB
BatchMode: 1, IsHumanControllingUs: 0, StartBugReporterOnCrash: 0, Is64bit: 1, IsPro: 0

 COMMAND LINE ARGUMENTS:
C:\Program Files\Unity\Hub\Editor\2020.3.9f1\Editor\Unity.exe
-adb2
-batchMode
-noUpm
-name
AssetImportWorker1
-projectPath
D:/Private/CyberPunkPorject/CPProject
-logFile
Logs/AssetImportWorker1.log
-srvPort
57641
Successfully changed project path to: D:/Private/CyberPunkPorject/CPProject
D:/Private/CyberPunkPorject/CPProject
Using Asset Import Pipeline V2.
Refreshing native plugins compatible for Editor in 23.51 ms, found 0 plugins.
Preloading 0 native plugins for Editor in 0.00 ms.
Initialize engine version: 2020.3.9f1 (108be757e447)
[Subsystems] Discovering subsystems at path C:/Program Files/Unity/Hub/Editor/2020.3.9f1/Editor/Data/Resources/UnitySubsystems
[Subsystems] Discovering subsystems at path D:/Private/CyberPunkPorject/CPProject/Assets
GfxDevice: creating device client; threaded=0
Direct3D:
    Version:  Direct3D 11.0 [level 11.1]
    Renderer: NVIDIA GeForce RTX 2070 Super (ID=0x1ed1)
    Vendor:   
    VRAM:     8011 MB
    Driver:   27.21.14.6618
Initialize mono
Mono path[0] = 'C:/Program Files/Unity/Hub/Editor/2020.3.9f1/Editor/Data/Managed'
Mono path[1] = 'C:/Program Files/Unity/Hub/Editor/2020.3.9f1/Editor/Data/MonoBleedingEdge/lib/mono/unityjit'
Mono config path = 'C:/Program Files/Unity/Hub/Editor/2020.3.9f1/Editor/Data/MonoBleedingEdge/etc'
Using monoOptions --debugger-agent=transport=dt_socket,embedding=1,server=y,suspend=n,address=127.0.0.1:56936
Begin MonoManager ReloadAssembly
Registering precompiled unity dll's ...
Register platform support module: C:/Program Files/Unity/Hub/Editor/2020.3.9f1/Editor/Data/PlaybackEngines/WebGLSupport/UnityEditor.WebGL.Extensions.dll
Register platform support module: C:/Program Files/Unity/Hub/Editor/2020.3.9f1/Editor/Data/PlaybackEngines/WindowsStandaloneSupport/UnityEditor.WindowsStandalone.Extensions.dll
Registered in 0.002005 seconds.
Native extension for WindowsStandalone target not found
Native extension for WebGL target not found
Refreshing native plugins compatible for Editor in 23.76 ms, found 0 plugins.
Preloading 0 native plugins for Editor in 0.00 ms.
Mono: successfully reloaded assembly
- Completed reload, in  1.761 seconds
Platform modules already initialized, skipping
Registering precompiled user dll's ...
Registered in 0.000628 seconds.
Begin MonoManager ReloadAssembly
OnLevelWasLoaded was found on GameManager
This message has been deprecated and will be removed in a later version of Unity.
Add a delegate to SceneManager.sceneLoaded instead to get notifications after scene loading has completed

Native extension for WindowsStandalone target not found
Native extension for WebGL target not found
Refreshing native plugins compatible for Editor in 0.21 ms, found 0 plugins.
Preloading 0 native plugins for Editor in 0.00 ms.
Mono: successfully reloaded assembly
- Completed reload, in  1.519 seconds
Platform modules already initialized, skipping
========================================================================
Worker process is ready to serve import requests
Launched and connected shader compiler UnityShaderCompiler.exe after 0.04 seconds
Refreshing native plugins compatible for Editor in 0.38 ms, found 0 plugins.
Preloading 0 native plugins for Editor in 0.00 ms.
Unloading 1270 Unused Serialized files (Serialized files now loaded: 0)
System memory in use before: 62.6 MB.
System memory in use after: 62.6 MB.

Unloading 11 unused Assets to reduce memory usage. Loaded Objects now: 1711.
Total: 1.411400 ms (FindLiveObjects: 0.128200 ms CreateObjectMapping: 0.040400 ms MarkObjects: 1.179300 ms  DeleteObjects: 0.062700 ms)

========================================================================
Received Import Request.
  path: Assets/SpritePack/3 Cyborg/Cyborg_jump.png
  artifactKey: Guid(7506cac001114484bb63b95876ab54d1) Importer(815301076,1909f56bfc062723c751e8b465ee728b)
Start importing Assets/SpritePack/3 Cyborg/Cyborg_jump.png using Guid(7506cac001114484bb63b95876ab54d1) Importer(815301076,1909f56bfc062723c751e8b465ee728b)  -> (artifact id: '1c52915757fc0a9af5a6d053c31ac8f7') in 0.080262 seconds
  Import took 0.081870 seconds .

========================================================================
Received Prepare
Registering precompiled user dll's ...
Registered in 0.000394 seconds.
Begin MonoManager ReloadAssembly
Native extension for WindowsStandalone target not found
Native extension for WebGL target not found
Refreshing native plugins compatible for Editor in 0.26 ms, found 0 plugins.
Preloading 0 native plugins for Editor in 0.00 ms.
Mono: successfully reloaded assembly
- Completed reload, in  0.717 seconds
Platform modules already initialized, skipping
OnLevelWasLoaded was found on GameManager
This message has been deprecated and will be removed in a later version of Unity.
Add a delegate to SceneManager.sceneLoaded instead to get notifications after scene loading has completed

Refreshing native plugins compatible for Editor in 0.22 ms, found 0 plugins.
Preloading 0 native plugins for Editor in 0.00 ms.
Unloading 1297 Unused Serialized files (Serialized files now loaded: 0)
System memory in use before: 63.5 MB.
System memory in use after: 63.6 MB.

Unloading 6 unused Assets to reduce memory usage. Loaded Objects now: 1750.
Total: 1.521700 ms (FindLiveObjects: 0.138400 ms CreateObjectMapping: 0.038300 ms MarkObjects: 1.239900 ms  DeleteObjects: 0.104300 ms)

========================================================================
Received Prepare
Registering precompiled user dll's ...
Registered in 0.001412 seconds.
Begin MonoManager ReloadAssembly
Native extension for WindowsStandalone target not found
Native extension for WebGL target not found
Refreshing native plugins compatible for Editor in 0.35 ms, found 1 plugins.
Preloading 0 native plugins for Editor in 0.00 ms.
Mono: successfully reloaded assembly
- Completed reload, in  0.711 seconds
Platform modules already initialized, skipping
OnLevelWasLoaded was found on GameManager
This message has been deprecated and will be removed in a later version of Unity.
Add a delegate to SceneManager.sceneLoaded instead to get notifications after scene loading has completed

Refreshing native plugins compatible for Editor in 0.42 ms, found 1 plugins.
Preloading 0 native plugins for Editor in 0.00 ms.
Unloading 1758 Unused Serialized files (Serialized files now loaded: 0)
System memory in use before: 84.1 MB.
System memory in use after: 84.1 MB.

Unloading 12 unused Assets to reduce memory usage. Loaded Objects now: 2214.
Total: 1.703500 ms (FindLiveObjects: 0.201300 ms CreateObjectMapping: 0.073800 ms MarkObjects: 1.350500 ms  DeleteObjects: 0.077000 ms)

========================================================================
Received Import Request.
  Time since last request: 75.304904 seconds.
  path: Assets/SpritePack/3 Cyborg/Cyborg_jump.png
  artifactKey: Guid(7506cac001114484bb63b95876ab54d1) Importer(815301076,1909f56bfc062723c751e8b465ee728b)
Start importing Assets/SpritePack/3 Cyborg/Cyborg_jump.png using Guid(7506cac001114484bb63b95876ab54d1) Importer(815301076,1909f56bfc062723c751e8b465ee728b)  -> (artifact id: '3c16348f1983696b629b3df1282299f0') in 0.066440 seconds
  Import took 0.160951 seconds .

AssetImportWorkerClient::OnTransportError - code=2 error=End of file
